<?xml version="1.0" encoding="UTF-8"?>
<!-- Generated by org.testng.reporters.JUnitReportReporter -->
<testsuite hostname="LAPTOP-94L2VPM3" failures="0" tests="1" name="grid.GridDemo" time="6.819" errors="0" timestamp="2023-04-01T11:14:02 IST" skipped="0">
  <testcase classname="grid.GridDemo" name="f" time="6.819"/>
  <system-out/>
</testsuite> <!-- grid.GridDemo -->
