<?xml version="1.0" encoding="UTF-8"?>
<!-- Generated by org.testng.reporters.JUnitReportReporter -->
<testsuite hostname="LAPTOP-94L2VPM3" failures="0" tests="3" name="testng.DataProviderDemo" time="0.014" errors="0" timestamp="2023-02-28T15:42:12 IST" skipped="0">
  <testcase classname="testng.DataProviderDemo" name="f" time="0.011"/>
  <system-out/>
  <testcase classname="testng.DataProviderDemo" name="f" time="0.001"/>
  <system-out/>
  <testcase classname="testng.DataProviderDemo" name="f" time="0.002"/>
  <system-out/>
</testsuite> <!-- testng.DataProviderDemo -->
