<?xml version="1.0" encoding="UTF-8"?>
<!-- Generated by org.testng.reporters.JUnitReportReporter -->
<testsuite hostname="LAPTOP-LO328BEA" failures="0" tests="1" name="testng.DemoScript" time="0.017" errors="0" timestamp="2022-10-22T13:33:40 IST" skipped="0">
  <testcase classname="testng.DemoScript" name="f" time="0.017"/>
</testsuite> <!-- testng.DemoScript -->
