<?xml version="1.0" encoding="UTF-8"?>
<!-- Generated by org.testng.reporters.JUnitReportReporter -->
<testsuite hostname="LAPTOP-94L2VPM3" failures="0" tests="2" name="testng.OpenApps" time="12.352" errors="0" timestamp="2023-02-28T15:45:08 IST" skipped="0">
  <testcase classname="testng.OpenApps" name="openBlazeDemo" time="6.090"/>
  <system-out/>
  <testcase classname="testng.OpenApps" name="openOHM" time="6.262"/>
  <system-out/>
</testsuite> <!-- testng.OpenApps -->
