<?xml version="1.0" encoding="UTF-8"?>
<!-- Generated by org.testng.reporters.JUnitReportReporter -->
<testsuite hostname="LAPTOP-94L2VPM3" failures="0" tests="2" name="testng.DemoTestNGScript" time="0.010" errors="0" timestamp="2023-02-28T15:42:41 IST" skipped="0">
  <testcase classname="testng.DemoTestNGScript" name="xyz" time="0.009"/>
  <system-out/>
  <testcase classname="testng.DemoTestNGScript" name="test2" time="0.001"/>
  <system-out/>
</testsuite> <!-- testng.DemoTestNGScript -->
